12:23:48.24 [33m[WARN][0m Pants cannot infer owners for the following imports in the target src/tests/test_parser.py:

  * pytest (line: 3)

If you do not expect an import to be inferrable, add `# pants: no-infer-dep` to the import line. Otherwise, see https://www.pantsbuild.org/v2.14/docs/troubleshooting#import-errors-and-missing-dependencies for common problems.
12:23:48.24 [33m[WARN][0m Pants cannot infer owners for the following imports in the target src/tests/test_utils.py:

  * pytest (line: 1)

If you do not expect an import to be inferrable, add `# pants: no-infer-dep` to the import line. Otherwise, see https://www.pantsbuild.org/v2.14/docs/troubleshooting#import-errors-and-missing-dependencies for common problems.
12:23:48.25 [33m[WARN][0m Pants cannot infer owners for the following imports in the target src/tests/test_model_gen.py:

  * pytest (line: 6)

If you do not expect an import to be inferrable, add `# pants: no-infer-dep` to the import line. Otherwise, see https://www.pantsbuild.org/v2.14/docs/troubleshooting#import-errors-and-missing-dependencies for common problems.
12:23:48.26 [33m[WARN][0m Pants cannot infer owners for the following imports in the target src/tests/conftest.py:test_utils:

  * pytest (line: 3)

If you do not expect an import to be inferrable, add `# pants: no-infer-dep` to the import line. Otherwise, see https://www.pantsbuild.org/v2.14/docs/troubleshooting#import-errors-and-missing-dependencies for common problems.
12:23:49.22 [31m[ERROR][0m Completed: Typecheck using MyPy - mypy failed (exit code 2).
src/jsf/parser.py: [1m[31merror:[0;10m Source file found twice under different module names: [0;10m[1m"src.jsf.parser"[0;10m and [0;10m[1m"jsf.parser"[0;10m[0;10m
src/jsf/parser.py: [34mnote:[0;10m See [4mhttps://mypy.readthedocs.io/en/stable/running_mypy.html#mapping-file-paths-to-modules[0;10m for more info[0;10m
src/jsf/parser.py: [34mnote:[0;10m Common resolutions include: a) adding `__init__.py` somewhere, b) using `--explicit-package-bases` or adjusting MYPYPATH[0;10m
[1m[31mFound 1 error in 1 file (errors prevented further checking)[0;10m


